<?xml version="1.0" encoding="UTF-8"?>
<!-- Generated by org.testng.reporters.JUnitXMLReporter -->
<testsuite ignored="1" hostname="QSINBNB342" failures="0" tests="2" name="Default test" time="32.574" errors="0" timestamp="2025-03-21T12:26:03 IST">
  <testcase classname="SA2025.StandAloneTest" name="submitOrder" time="14.835"/>
  <testcase classname="SA2025.StandAloneTest" name="submitOrder" time="3.617"/>
  <testcase classname="SA2025.StandAloneTest" name="orderHistoryTest" time="0.0">
    <ignored/>
  </testcase> <!-- orderHistoryTest -->
</testsuite> <!-- Default test -->
