<?xml version="1.0" encoding="UTF-8"?>
<!-- Generated by org.testng.reporters.JUnitXMLReporter -->
<testsuite ignored="0" hostname="QSINBNB342" failures="1" tests="3" name="Error validation" time="26.963" errors="0" timestamp="2025-03-23T19:50:04 IST">
  <testcase classname="SA2025.ErrorValidation" name="LoginErrorValidation" time="0.649">
    <skipped/>
  </testcase> <!-- LoginErrorValidation -->
  <testcase classname="SA2025.ErrorValidation" name="LoginErrorValidation" time="0.607">
    <failure type="java.lang.AssertionError" message="expected [Incorrect email or password.] but found [Incorrect email or passwordd.]">
      <![CDATA[java.lang.AssertionError: expected [Incorrect email or password.] but found [Incorrect email or passwordd.]
at SA2025.ErrorValidation.LoginErrorValidation(ErrorValidation.java:32)
at java.base/java.util.ArrayList.forEach(ArrayList.java:1511)
... Removed 33 stack frames]]>
    </failure>
  </testcase> <!-- LoginErrorValidation -->
  <testcase classname="SA2025.ErrorValidation" name="ProductErrorValidation" time="14.238"/>
</testsuite> <!-- Error validation -->
