<?xml version="1.0" encoding="UTF-8"?>
<!-- Generated by org.testng.reporters.JUnitXMLReporter -->
<testsuite ignored="0" hostname="QSINBNB342" failures="0" tests="3" name="Submit Order" time="38.937" errors="0" timestamp="2025-03-23T19:49:37 IST">
  <testcase classname="SA2025.StandAloneTest" name="submitOrder" time="15.163"/>
  <testcase classname="SA2025.StandAloneTest" name="submitOrder" time="3.941"/>
  <testcase classname="SA2025.StandAloneTest" name="orderHistoryTest" time="1.145"/>
</testsuite> <!-- Submit Order -->
